Started by user arda

Checking out git https://github.com/ardaozyaman/path_cicd into /var/jenkins_home/workspace/path_2_cicd@script/226363a038d8fc72506a33ab72e939e7e1c3b4e0855f6916ba4abc7fc218a2f1 to read Jenkinsfile
Selected Git installation does not exist. Using Default
The recommended git tool is: NONE
No credentials specified
 > git rev-parse --resolve-git-dir /var/jenkins_home/workspace/path_2_cicd@script/226363a038d8fc72506a33ab72e939e7e1c3b4e0855f6916ba4abc7fc218a2f1/.git # timeout=10
Fetching changes from the remote Git repository
 > git config remote.origin.url https://github.com/ardaozyaman/path_cicd # timeout=10
Fetching upstream changes from https://github.com/ardaozyaman/path_cicd
 > git --version # timeout=10
 > git --version # 'git version 2.39.5'
 > git fetch --tags --force --progress -- https://github.com/ardaozyaman/path_cicd +refs/heads/*:refs/remotes/origin/* # timeout=10
 > git rev-parse refs/remotes/origin/main^{commit} # timeout=10
Checking out Revision caa7dcb3b9e3775e5d5e1d961e20168dd0b96992 (refs/remotes/origin/main)
 > git config core.sparsecheckout # timeout=10
 > git checkout -f caa7dcb3b9e3775e5d5e1d961e20168dd0b96992 # timeout=10
Commit message: "test"
 > git rev-list --no-walk a7d9d543cbb31fc487362299d677c97fbaced3d5 # timeout=10
[Pipeline] Start of Pipeline
[Pipeline] node
Running on Jenkins
 in /var/jenkins_home/workspace/path_2_cicd
[Pipeline] {
[Pipeline] stage
[Pipeline] { (Declarative: Checkout SCM)
[Pipeline] checkout
Selected Git installation does not exist. Using Default
The recommended git tool is: NONE
No credentials specified
Cloning the remote Git repository
Cloning repository https://github.com/ardaozyaman/path_cicd
 > git init /var/jenkins_home/workspace/path_2_cicd # timeout=10
Fetching upstream changes from https://github.com/ardaozyaman/path_cicd
 > git --version # timeout=10
 > git --version # 'git version 2.39.5'
 > git fetch --tags --force --progress -- https://github.com/ardaozyaman/path_cicd +refs/heads/*:refs/remotes/origin/* # timeout=10
 > git config remote.origin.url https://github.com/ardaozyaman/path_cicd # timeout=10
 > git config --add remote.origin.fetch +refs/heads/*:refs/remotes/origin/* # timeout=10
Avoid second fetch
 > git rev-parse refs/remotes/origin/main^{commit} # timeout=10
Checking out Revision caa7dcb3b9e3775e5d5e1d961e20168dd0b96992 (refs/remotes/origin/main)
 > git config core.sparsecheckout # timeout=10
 > git checkout -f caa7dcb3b9e3775e5d5e1d961e20168dd0b96992 # timeout=10
Commit message: "test"
[Pipeline] }
[Pipeline] // stage
[Pipeline] withEnv
[Pipeline] {
[Pipeline] withEnv
[Pipeline] {
[Pipeline] stage
[Pipeline] { (Checkout)
[Pipeline] checkout
Selected Git installation does not exist. Using Default
The recommended git tool is: NONE
No credentials specified
 > git rev-parse --resolve-git-dir /var/jenkins_home/workspace/path_2_cicd/.git # timeout=10
Fetching changes from the remote Git repository
 > git config remote.origin.url https://github.com/ardaozyaman/path_cicd # timeout=10
Fetching upstream changes from https://github.com/ardaozyaman/path_cicd
 > git --version # timeout=10
 > git --version # 'git version 2.39.5'
 > git fetch --tags --force --progress -- https://github.com/ardaozyaman/path_cicd +refs/heads/*:refs/remotes/origin/* # timeout=10
 > git rev-parse refs/remotes/origin/main^{commit} # timeout=10
Checking out Revision caa7dcb3b9e3775e5d5e1d961e20168dd0b96992 (refs/remotes/origin/main)
 > git config core.sparsecheckout # timeout=10
 > git checkout -f caa7dcb3b9e3775e5d5e1d961e20168dd0b96992 # timeout=10
Commit message: "test"
[Pipeline] }
[Pipeline] // stage
[Pipeline] stage
[Pipeline] { (Setup Python)
[Pipeline] sh
+ python3 -m venv venv
[Pipeline] sh
+ . venv/bin/activate
+ deactivate nondestructive
+ [ -n  ]
+ [ -n  ]
+ [ -n  -o -n  ]
+ [ -n  ]
+ unset VIRTUAL_ENV
+ unset VIRTUAL_ENV_PROMPT
+ [ ! nondestructive = nondestructive ]
+ VIRTUAL_ENV=/var/jenkins_home/workspace/path_2_cicd/venv
+ export VIRTUAL_ENV
+ _OLD_VIRTUAL_PATH=/opt/java/openjdk/bin:/usr/local/sbin:/usr/local/bin:/usr/sbin:/usr/bin:/sbin:/bin
+ PATH=/var/jenkins_home/workspace/path_2_cicd/venv/bin:/opt/java/openjdk/bin:/usr/local/sbin:/usr/local/bin:/usr/sbin:/usr/bin:/sbin:/bin
+ export PATH
+ [ -n  ]
+ [ -z  ]
+ _OLD_VIRTUAL_PS1=$ 
+ PS1=(venv) $ 
+ export PS1
+ VIRTUAL_ENV_PROMPT=(venv) 
+ export VIRTUAL_ENV_PROMPT
+ [ -n  -o -n  ]
+ pip install --upgrade pip
Requirement already satisfied: pip in ./venv/lib/python3.11/site-packages (23.0.1)
Collecting pip
  Using cached pip-25.1.1-py3-none-any.whl (1.8 MB)
Installing collected packages: pip
  Attempting uninstall: pip
    Found existing installation: pip 23.0.1
    Uninstalling pip-23.0.1:
      Successfully uninstalled pip-23.0.1
Successfully installed pip-25.1.1
+ pip install -r requirements.txt
Collecting selenium (from -r requirements.txt (line 1))
  Using cached selenium-4.33.0-py3-none-any.whl.metadata (7.5 kB)
Collecting pytest (from -r requirements.txt (line 2))
  Using cached pytest-8.4.0-py3-none-any.whl.metadata (7.7 kB)
Collecting pytest-html (from -r requirements.txt (line 3))
  Using cached pytest_html-4.1.1-py3-none-any.whl.metadata (3.9 kB)
Collecting webdriver-manager (from -r requirements.txt (line 4))
  Using cached webdriver_manager-4.0.2-py2.py3-none-any.whl.metadata (12 kB)
Collecting urllib3~=2.4.0 (from urllib3[socks]~=2.4.0->selenium->-r requirements.txt (line 1))
  Using cached urllib3-2.4.0-py3-none-any.whl.metadata (6.5 kB)
Collecting trio~=0.30.0 (from selenium->-r requirements.txt (line 1))
  Using cached trio-0.30.0-py3-none-any.whl.metadata (8.5 kB)
Collecting trio-websocket~=0.12.2 (from selenium->-r requirements.txt (line 1))
  Using cached trio_websocket-0.12.2-py3-none-any.whl.metadata (5.1 kB)
Collecting certifi>=2025.4.26 (from selenium->-r requirements.txt (line 1))
  Using cached certifi-2025.6.15-py3-none-any.whl.metadata (2.4 kB)
Collecting typing_extensions~=4.13.2 (from selenium->-r requirements.txt (line 1))
  Using cached typing_extensions-4.13.2-py3-none-any.whl.metadata (3.0 kB)
Collecting websocket-client~=1.8.0 (from selenium->-r requirements.txt (line 1))
  Using cached websocket_client-1.8.0-py3-none-any.whl.metadata (8.0 kB)
Collecting attrs>=23.2.0 (from trio~=0.30.0->selenium->-r requirements.txt (line 1))
  Using cached attrs-25.3.0-py3-none-any.whl.metadata (10 kB)
Collecting sortedcontainers (from trio~=0.30.0->selenium->-r requirements.txt (line 1))
  Using cached sortedcontainers-2.4.0-py2.py3-none-any.whl.metadata (10 kB)
Collecting idna (from trio~=0.30.0->selenium->-r requirements.txt (line 1))
  Using cached idna-3.10-py3-none-any.whl.metadata (10 kB)
Collecting outcome (from trio~=0.30.0->selenium->-r requirements.txt (line 1))
  Using cached outcome-1.3.0.post0-py2.py3-none-any.whl.metadata (2.6 kB)
Collecting sniffio>=1.3.0 (from trio~=0.30.0->selenium->-r requirements.txt (line 1))
  Using cached sniffio-1.3.1-py3-none-any.whl.metadata (3.9 kB)
Collecting wsproto>=0.14 (from trio-websocket~=0.12.2->selenium->-r requirements.txt (line 1))
  Using cached wsproto-1.2.0-py3-none-any.whl.metadata (5.6 kB)
Collecting pysocks!=1.5.7,<2.0,>=1.5.6 (from urllib3[socks]~=2.4.0->selenium->-r requirements.txt (line 1))
  Using cached PySocks-1.7.1-py3-none-any.whl.metadata (13 kB)
Collecting iniconfig>=1 (from pytest->-r requirements.txt (line 2))
  Using cached iniconfig-2.1.0-py3-none-any.whl.metadata (2.7 kB)
Collecting packaging>=20 (from pytest->-r requirements.txt (line 2))
  Using cached packaging-25.0-py3-none-any.whl.metadata (3.3 kB)
Collecting pluggy<2,>=1.5 (from pytest->-r requirements.txt (line 2))
  Using cached pluggy-1.6.0-py3-none-any.whl.metadata (4.8 kB)
Collecting pygments>=2.7.2 (from pytest->-r requirements.txt (line 2))
  Using cached pygments-2.19.1-py3-none-any.whl.metadata (2.5 kB)
Collecting jinja2>=3.0.0 (from pytest-html->-r requirements.txt (line 3))
  Using cached jinja2-3.1.6-py3-none-any.whl.metadata (2.9 kB)
Collecting pytest-metadata>=2.0.0 (from pytest-html->-r requirements.txt (line 3))
  Using cached pytest_metadata-3.1.1-py3-none-any.whl.metadata (8.6 kB)
Collecting requests (from webdriver-manager->-r requirements.txt (line 4))
  Using cached requests-2.32.4-py3-none-any.whl.metadata (4.9 kB)
Collecting python-dotenv (from webdriver-manager->-r requirements.txt (line 4))
  Using cached python_dotenv-1.1.0-py3-none-any.whl.metadata (24 kB)
Collecting MarkupSafe>=2.0 (from jinja2>=3.0.0->pytest-html->-r requirements.txt (line 3))
  Using cached MarkupSafe-3.0.2-cp311-cp311-manylinux_2_17_aarch64.manylinux2014_aarch64.whl.metadata (4.0 kB)
Collecting h11<1,>=0.9.0 (from wsproto>=0.14->trio-websocket~=0.12.2->selenium->-r requirements.txt (line 1))
  Using cached h11-0.16.0-py3-none-any.whl.metadata (8.3 kB)
Collecting charset_normalizer<4,>=2 (from requests->webdriver-manager->-r requirements.txt (line 4))
  Using cached charset_normalizer-3.4.2-cp311-cp311-manylinux_2_17_aarch64.manylinux2014_aarch64.whl.metadata (35 kB)
Using cached selenium-4.33.0-py3-none-any.whl (9.4 MB)
Using cached trio-0.30.0-py3-none-any.whl (499 kB)
Using cached trio_websocket-0.12.2-py3-none-any.whl (21 kB)
Using cached typing_extensions-4.13.2-py3-none-any.whl (45 kB)
Using cached urllib3-2.4.0-py3-none-any.whl (128 kB)
Using cached PySocks-1.7.1-py3-none-any.whl (16 kB)
Using cached websocket_client-1.8.0-py3-none-any.whl (58 kB)
Using cached pytest-8.4.0-py3-none-any.whl (363 kB)
Using cached pluggy-1.6.0-py3-none-any.whl (20 kB)
Using cached pytest_html-4.1.1-py3-none-any.whl (23 kB)
Using cached webdriver_manager-4.0.2-py2.py3-none-any.whl (27 kB)
Using cached attrs-25.3.0-py3-none-any.whl (63 kB)
Using cached certifi-2025.6.15-py3-none-any.whl (157 kB)
Using cached iniconfig-2.1.0-py3-none-any.whl (6.0 kB)
Using cached jinja2-3.1.6-py3-none-any.whl (134 kB)
Using cached MarkupSafe-3.0.2-cp311-cp311-manylinux_2_17_aarch64.manylinux2014_aarch64.whl (23 kB)
Using cached outcome-1.3.0.post0-py2.py3-none-any.whl (10 kB)
Using cached packaging-25.0-py3-none-any.whl (66 kB)
Using cached pygments-2.19.1-py3-none-any.whl (1.2 MB)
Using cached pytest_metadata-3.1.1-py3-none-any.whl (11 kB)
Using cached sniffio-1.3.1-py3-none-any.whl (10 kB)
Using cached wsproto-1.2.0-py3-none-any.whl (24 kB)
Using cached h11-0.16.0-py3-none-any.whl (37 kB)
Using cached idna-3.10-py3-none-any.whl (70 kB)
Using cached python_dotenv-1.1.0-py3-none-any.whl (20 kB)
Using cached requests-2.32.4-py3-none-any.whl (64 kB)
Using cached charset_normalizer-3.4.2-cp311-cp311-manylinux_2_17_aarch64.manylinux2014_aarch64.whl (142 kB)
Using cached sortedcontainers-2.4.0-py2.py3-none-any.whl (29 kB)
Installing collected packages: sortedcontainers, websocket-client, urllib3, typing_extensions, sniffio, python-dotenv, pysocks, pygments, pluggy, packaging, MarkupSafe, iniconfig, idna, h11, charset_normalizer, certifi, attrs, wsproto, requests, pytest, outcome, jinja2, webdriver-manager, trio, pytest-metadata, trio-websocket, pytest-html, selenium

Successfully installed MarkupSafe-3.0.2 attrs-25.3.0 certifi-2025.6.15 charset_normalizer-3.4.2 h11-0.16.0 idna-3.10 iniconfig-2.1.0 jinja2-3.1.6 outcome-1.3.0.post0 packaging-25.0 pluggy-1.6.0 pygments-2.19.1 pysocks-1.7.1 pytest-8.4.0 pytest-html-4.1.1 pytest-metadata-3.1.1 python-dotenv-1.1.0 requests-2.32.4 selenium-4.33.0 sniffio-1.3.1 sortedcontainers-2.4.0 trio-0.30.0 trio-websocket-0.12.2 typing_extensions-4.13.2 urllib3-2.4.0 webdriver-manager-4.0.2 websocket-client-1.8.0 wsproto-1.2.0
[Pipeline] }
[Pipeline] // stage
[Pipeline] stage
[Pipeline] { (Run Tests)
[Pipeline] sh
+ . venv/bin/activate
+ deactivate nondestructive
+ [ -n  ]
+ [ -n  ]
+ [ -n  -o -n  ]
+ [ -n  ]
+ unset VIRTUAL_ENV
+ unset VIRTUAL_ENV_PROMPT
+ [ ! nondestructive = nondestructive ]
+ VIRTUAL_ENV=/var/jenkins_home/workspace/path_2_cicd/venv
+ export VIRTUAL_ENV
+ _OLD_VIRTUAL_PATH=/opt/java/openjdk/bin:/usr/local/sbin:/usr/local/bin:/usr/sbin:/usr/bin:/sbin:/bin
+ PATH=/var/jenkins_home/workspace/path_2_cicd/venv/bin:/opt/java/openjdk/bin:/usr/local/sbin:/usr/local/bin:/usr/sbin:/usr/bin:/sbin:/bin
+ export PATH
+ [ -n  ]
+ [ -z  ]
+ _OLD_VIRTUAL_PS1=$ 
+ PS1=(venv) $ 
+ export PS1
+ VIRTUAL_ENV_PROMPT=(venv) 
+ export VIRTUAL_ENV_PROMPT
+ [ -n  -o -n  ]
+ pytest
============================= test session starts ==============================
platform linux -- Python 3.11.2, pytest-8.4.0, pluggy-1.6.0
rootdir: /var/jenkins_home/workspace/path_2_cicd
configfile: pytest.ini
plugins: html-4.1.1, metadata-3.1.1
collected 2 items


test_google.py .F                                                        [100%]

=================================== FAILURES ===================================
___________________________ test_google_search_fail ____________________________

driver = <selenium.webdriver.chrome.webdriver.WebDriver (session="925078d100170f79917932a5c00a71ad")>

    def test_google_search_fail(driver):
        driver.get("https://www.google.com")
        box = driver.find_element(By.NAME, "q")
        box.send_keys("asdasdasd1234567890")
        box.submit()
        time.sleep(2)
        try:
>           assert "No results found" in driver.page_source
E           assert 'No results found' in '<html><head><meta http-equiv="origin-trial" content="A7vZI3v+Gz7JfuRolKNM4Aff6zaGuT7X0mf3wtoZTnKv6497cVMnhy03KDqX7kBz...amp;k=6LdLLIMbAAAAAIl-KLj9p1ePhM-4LCCDbjtJLqRO" style="width: 100%; height: 100%;"></iframe></div></div></body></html>'
E            +  where '<html><head><meta http-equiv="origin-trial" content="A7vZI3v+Gz7JfuRolKNM4Aff6zaGuT7X0mf3wtoZTnKv6497cVMnhy03KDqX7kBz...amp;k=6LdLLIMbAAAAAIl-KLj9p1ePhM-4LCCDbjtJLqRO" style="width: 100%; height: 100%;"></iframe></div></div></body></html>' = <selenium.webdriver.chrome.webdriver.WebDriver (session="925078d100170f79917932a5c00a71ad")>.page_source

test_google.py:57: AssertionError
- Generated html report: file:///var/jenkins_home/workspace/path_2_cicd/reports/report.html -
=========================== short test summary info ============================
FAILED test_google.py::test_google_search_fail - assert 'No results found' in '<html><head><meta http-equiv="origin-trial" content="A7vZI3v+Gz7JfuRolKNM4Aff6zaGuT7X0mf3wtoZTnKv6497cVMnhy03KDqX7kBz...amp;k=6LdLLIMbAAAAAIl-KLj9p1ePhM-4LCCDbjtJLqRO" style="width: 100%; height: 100%;"></iframe></div></div></body></html>'
 +  where '<html><head><meta http-equiv="origin-trial" content="A7vZI3v+Gz7JfuRolKNM4Aff6zaGuT7X0mf3wtoZTnKv6497cVMnhy03KDqX7kBz...amp;k=6LdLLIMbAAAAAIl-KLj9p1ePhM-4LCCDbjtJLqRO" style="width: 100%; height: 100%;"></iframe></div></div></body></html>' = <selenium.webdriver.chrome.webdriver.WebDriver (session="925078d100170f79917932a5c00a71ad")>.page_source
========================= 1 failed, 1 passed in 10.42s =========================

Post stage
[Pipeline] archiveArtifacts
Archiving artifacts
[Pipeline] archiveArtifacts
Archiving artifacts
[Pipeline] publishHTML
[htmlpublisher] Archiving HTML reports...
[htmlpublisher] Archiving at BUILD level /var/jenkins_home/workspace/path_2_cicd/reports to /var/jenkins_home/jobs/path_2_cicd/builds/7/htmlreports/Test_20Report
[htmlpublisher] Copying recursive using current thread
[Pipeline] }
[Pipeline] // stage
[Pipeline] stage
[Pipeline] { (Declarative: Post Actions)
[Pipeline] deleteDir
[Pipeline] }
[Pipeline] // stage
[Pipeline] }
[Pipeline] // withEnv
[Pipeline] }
[Pipeline] // withEnv
[Pipeline] }
[Pipeline] // node
[Pipeline] End of Pipeline
ERROR: script returned exit code 1
Finished: FAILURE
